<?xml version="1.0" encoding="UTF-8"?>
<!-- Generated by org.testng.reporters.JUnitReportReporter -->
<testsuite hostname="DESKTOP-PQVHF1N" failures="0" tests="1" name="web.task.secondTest" time="11.738" errors="0" timestamp="2021-11-13T23:29:28 EET" skipped="0">
  <testcase classname="web.task.secondTest" name="UPLOAD" time="11.738"/>
  <system-out/>
</testsuite> <!-- web.task.secondTest -->
