<?xml version="1.0" encoding="UTF-8"?>
<!-- Generated by org.testng.reporters.JUnitReportReporter -->
<testsuite hostname="DESKTOP-PQVHF1N" failures="0" tests="1" name="web.task.web" time="22.975" errors="0" timestamp="2021-11-13T17:05:28 EET" skipped="0">
  <testcase classname="web.task.web" name="testcase" time="22.975"/>
  <system-out/>
</testsuite> <!-- web.task.web -->
