<?xml version="1.0" encoding="UTF-8"?>
<!-- Generated by org.testng.reporters.JUnitReportReporter -->
<testsuite hostname="DESKTOP-PQVHF1N" failures="0" tests="1" name="web.task.firstTest" time="9.726" errors="0" timestamp="2021-11-13T22:28:24 EET" skipped="0">
  <testcase classname="web.task.firstTest" name="googlesearch" time="9.726"/>
  <system-out/>
</testsuite> <!-- web.task.firstTest -->
