<?xml version="1.0" encoding="UTF-8"?>
<!-- Generated by org.testng.reporters.JUnitReportReporter -->
<testsuite hostname="DESKTOP-PQVHF1N" failures="0" tests="1" name="web.task.thirdTest" time="14.639" errors="0" timestamp="2021-11-13T23:36:20 EET" skipped="0">
  <testcase classname="web.task.thirdTest" name="LOADing" time="14.639"/>
  <system-out/>
</testsuite> <!-- web.task.thirdTest -->
